<?xml version="1.0" encoding="UTF-8"?>
<testsuite xmlns:xsi="http://www.w3.org/2001/XMLSchema-instance" xsi:noNamespaceSchemaLocation="https://maven.apache.org/surefire/maven-surefire-plugin/xsd/surefire-test-report.xsd" name="testRun" time="28.105" tests="5" errors="2" skipped="1" failures="0">
  <properties>
[...]
</properties>
  <testcase name="Given user is on Home page" classname="Scenario: Successfully choosing a car" time="0.006"/>
  <testcase name="When user click on a car" classname="Scenario: Successfully choosing a car" time="0"/>
  <testcase name="Then he will be navigated to the car details page" classname="Scenario: Successfully choosing a car" time="0.01">
    <error message="String index out of range: -2" type="java.lang.StringIndexOutOfBoundsException">java.lang.StringIndexOutOfBoundsException: String index out of range: -2
</error>
  </testcase>
  <testcase name="Scenario: Successfully choosing a car" classname="Scenario: Successfully choosing a car" time="0.01">
    <error message="String index out of range: -2" type="java.lang.StringIndexOutOfBoundsException">java.lang.StringIndexOutOfBoundsException: String index out of range: -2
</error>
  </testcase>
  <testcase name="And car details will be displayed" classname="Scenario: Successfully choosing a car" time="0">
    <skipped/>
  </testcase>
</testsuite>